Arguments: 
  /Users/simonjohansson/.nvm/versions/node/v16.16.0/bin/node /Users/simonjohansson/.node/corepack/yarn/1.22.15/bin/yarn.js init

PATH: 
  /Users/simonjohansson/.rbenv/shims:/Users/simonjohansson/.cargo/bin:/Users/simonjohansson/.yarn/bin:/Users/simonjohansson/.config/yarn/global/node_modules/.bin:/Users/simonjohansson/.nvm/versions/node/v16.16.0/bin::/opt/homebrew/bin:/usr/local/opt/ruby/bin:/usr/local/opt/openssl@1.1/bin:/usr/local/opt/coreutils/libexec/gnubin:/usr/local/bin:/usr/bin:/bin:/usr/sbin:/sbin:/opt/homebrew/bin:/usr/local/bin:/usr/bin:/bin:/usr/sbin:/sbin:/opt/homebrew/opt/bash/bin/bash

Yarn version: 
  1.22.15

Node version: 
  16.16.0

Platform: 
  darwin arm64

Trace: 
  Error: canceled
      at Interface.<anonymous> (/Users/simonjohansson/.node/corepack/yarn/1.22.15/lib/cli.js:137145:13)
      at Interface.emit (node:events:527:28)
      at Interface._ttyWrite (node:readline:1081:16)
      at ReadStream.onkeypress (node:readline:288:10)
      at ReadStream.emit (node:events:527:28)
      at emitKeys (node:internal/readline/utils:358:14)
      at emitKeys.next (<anonymous>)
      at ReadStream.onData (node:internal/readline/emitKeypressEvents:61:36)
      at ReadStream.emit (node:events:527:28)
      at addChunk (node:internal/streams/readable:315:12)

npm manifest: 
  No manifest

yarn manifest: 
  No manifest

Lockfile: 
  No lockfile
